error[E0433]: failed to resolve: use of unresolved module or unlinked crate `reinhardt_forms`
  --> tests/ui/fail/validator_unknown_field.rs:8:14
   |
 8 |       let _form = form! {
   |  _________________^
 9 | |         fields: {
10 | |             username: CharField {},
11 | |         },
...  |
16 | |         },
17 | |     };
   | |_____^ use of unresolved module or unlinked crate `reinhardt_forms`
   |
   = help: if you wanted to use a crate named `reinhardt_forms`, use `cargo add reinhardt_forms` to add it to your `Cargo.toml`
   = note: this error originates in the macro `form` (in Nightly builds, run with -Z macro-backtrace for more info)
help: there is an enum variant `reinhardt_forms_macros_ast::FormValidator::Form` and 1 other; try using the variant's enum
   |
 8 -     let _form = form! {
 9 -         fields: {
10 -             username: CharField {},
11 -         },
12 -         validators: {
13 -             unknown_field: [
14 -                 |v| v.len() >= 3 => "Must be at least 3 characters",
15 -             ],
16 -         },
17 -     };
 8 +     let _form = reinhardt_forms_macros_ast::FormValidator;
   |
 8 -     let _form = form! {
 9 -         fields: {
10 -             username: CharField {},
11 -         },
12 -         validators: {
13 -             unknown_field: [
14 -                 |v| v.len() >= 3 => "Must be at least 3 characters",
15 -             ],
16 -         },
17 -     };
 8 +     let _form = reinhardt_forms_macros_ast::TypedFormValidator;
   |

error[E0433]: failed to resolve: use of unresolved module or unlinked crate `reinhardt_forms`
  --> tests/ui/fail/validator_unknown_field.rs:8:14
   |
 8 |       let _form = form! {
   |  _________________^
 9 | |         fields: {
10 | |             username: CharField {},
11 | |         },
...  |
16 | |         },
17 | |     };
   | |_____^ use of unresolved module or unlinked crate `reinhardt_forms`
   |
   = help: if you wanted to use a crate named `reinhardt_forms`, use `cargo add reinhardt_forms` to add it to your `Cargo.toml`
   = note: this error originates in the macro `form` (in Nightly builds, run with -Z macro-backtrace for more info)
